Using pre-set license
Built from '2021.1/release' branch; Version is '2021.1.0f1 (61a549675243) revision 6399305'; Using compiler version '192528614'; Build Type 'Release'
OS: 'Windows 10 Pro; OS build 19042.928; Version 2009; 64bit' Language: 'ko' Physical Memory: 16335 MB
BatchMode: 1, IsHumanControllingUs: 0, StartBugReporterOnCrash: 0, Is64bit: 1, IsPro: 0

 COMMAND LINE ARGUMENTS:
D:\unity\2021.1.0f1\Editor\Unity.exe
-adb2
-batchMode
-noUpm
-name
AssetImportWorker0
-projectPath
D:/Git/AGLgame/AGL
-logFile
Logs/AssetImportWorker0.log
-srvPort
63211
Successfully changed project path to: D:/Git/AGLgame/AGL
D:/Git/AGLgame/AGL
Using Asset Import Pipeline V2.
Refreshing native plugins compatible for Editor in 34.62 ms, found 0 plugins.
Preloading 0 native plugins for Editor in 0.00 ms.
Initialize engine version: 2021.1.0f1 (61a549675243)
[Subsystems] Discovering subsystems at path D:/unity/2021.1.0f1/Editor/Data/Resources/UnitySubsystems
[Subsystems] Discovering subsystems at path D:/Git/AGLgame/AGL/Assets
GfxDevice: creating device client; threaded=0; jobified=0
Direct3D:
    Version:  Direct3D 11.0 [level 11.1]
    Renderer: NVIDIA GeForce GTX 1060 6GB (ID=0x1b83)
    Vendor:   NVIDIA
    VRAM:     6052 MB
    Driver:   27.21.14.5671
Initialize mono
Mono path[0] = 'D:/unity/2021.1.0f1/Editor/Data/Managed'
Mono path[1] = 'D:/unity/2021.1.0f1/Editor/Data/MonoBleedingEdge/lib/mono/unityjit'
Mono config path = 'D:/unity/2021.1.0f1/Editor/Data/MonoBleedingEdge/etc'
Using monoOptions --debugger-agent=transport=dt_socket,embedding=1,server=y,suspend=n,address=127.0.0.1:56752
Begin MonoManager ReloadAssembly
Registering precompiled unity dll's ...
Register platform support module: D:/unity/2021.1.0f1/Editor/Data/PlaybackEngines/WindowsStandaloneSupport/UnityEditor.WindowsStandalone.Extensions.dll
Registered in 0.001238 seconds.
Native extension for WindowsStandalone target not found
Refreshing native plugins compatible for Editor in 37.62 ms, found 0 plugins.
Preloading 0 native plugins for Editor in 0.00 ms.
Mono: successfully reloaded assembly
- Completed reload, in  1.647 seconds
Platform modules already initialized, skipping
Registering precompiled user dll's ...
Registered in 0.001312 seconds.
Begin MonoManager ReloadAssembly
Native extension for WindowsStandalone target not found
Refreshing native plugins compatible for Editor in 0.45 ms, found 0 plugins.
Preloading 0 native plugins for Editor in 0.00 ms.
Mono: successfully reloaded assembly
- Completed reload, in  0.958 seconds
Platform modules already initialized, skipping
========================================================================
Worker process is ready to serve import requests
Launched and connected shader compiler UnityShaderCompiler.exe after 0.08 seconds
Refreshing native plugins compatible for Editor in 0.36 ms, found 0 plugins.
Preloading 0 native plugins for Editor in 0.00 ms.
Unloading 1287 Unused Serialized files (Serialized files now loaded: 0)
System memory in use before: 84.7 MB.
System memory in use after: 84.5 MB.

Unloading 10 unused Assets to reduce memory usage. Loaded Objects now: 1775.
Total: 2.091500 ms (FindLiveObjects: 0.170900 ms CreateObjectMapping: 0.042300 ms MarkObjects: 1.700300 ms  DeleteObjects: 0.176500 ms)

========================================================================
Received Import Request.
  path: Assets/Scenes/Stage1.unity
  artifactKey: Guid(9fc0d4010bbf28b4594072e72b8655ab) Importer(815301076,1909f56bfc062723c751e8b465ee728b)
Start importing Assets/Scenes/Stage1.unity using Guid(9fc0d4010bbf28b4594072e72b8655ab) Importer(815301076,1909f56bfc062723c751e8b465ee728b)  -> (artifact id: '15cebf2ee0d7ea13892ee316f9b181fb') in 0.014792 seconds 
========================================================================
Received Import Request.
  Time since last request: 727.642708 seconds.
  path: Assets/Scenes/Stage2.unity
  artifactKey: Guid(2f4bf758efebc2147a4ed2a990fab2ee) Importer(815301076,1909f56bfc062723c751e8b465ee728b)
Start importing Assets/Scenes/Stage2.unity using Guid(2f4bf758efebc2147a4ed2a990fab2ee) Importer(815301076,1909f56bfc062723c751e8b465ee728b)  -> (artifact id: '756f50660898edefcd85fcb8c6d1a06b') in 0.007712 seconds 
========================================================================
Received Prepare
Refreshing native plugins compatible for Editor in 0.77 ms, found 0 plugins.
Preloading 0 native plugins for Editor in 0.00 ms.
Unloading 4 Unused Serialized files (Serialized files now loaded: 0)
System memory in use before: 57.9 MB.
System memory in use after: 57.7 MB.

Unloading 3 unused Assets to reduce memory usage. Loaded Objects now: 1775.
Total: 3.229800 ms (FindLiveObjects: 0.165200 ms CreateObjectMapping: 0.033900 ms MarkObjects: 2.863300 ms  DeleteObjects: 0.166300 ms)

========================================================================
Received Import Request.
  Time since last request: 188.496451 seconds.
  path: Assets/Scenes/Stage1.unity
  artifactKey: Guid(9fc0d4010bbf28b4594072e72b8655ab) Importer(815301076,1909f56bfc062723c751e8b465ee728b)
Start importing Assets/Scenes/Stage1.unity using Guid(9fc0d4010bbf28b4594072e72b8655ab) Importer(815301076,1909f56bfc062723c751e8b465ee728b)  -> (artifact id: '65ec76493a870ac15cdf45f5c4d44b7c') in 0.003033 seconds 
========================================================================
Received Import Request.
  Time since last request: 2.320678 seconds.
  path: Assets/prefebs/Player.prefab
  artifactKey: Guid(fe0d717c7ee95c940a16192a8b217824) Importer(815301076,1909f56bfc062723c751e8b465ee728b)
Start importing Assets/prefebs/Player.prefab using Guid(fe0d717c7ee95c940a16192a8b217824) Importer(815301076,1909f56bfc062723c751e8b465ee728b)  -> (artifact id: '8b2f8ef3726623d13ebff18661ce1a00') in 0.615881 seconds 
========================================================================
Received Prepare
Registering precompiled user dll's ...
Registered in 0.000857 seconds.
Begin MonoManager ReloadAssembly
Native extension for WindowsStandalone target not found
Refreshing native plugins compatible for Editor in 0.37 ms, found 0 plugins.
Preloading 0 native plugins for Editor in 0.00 ms.
Mono: successfully reloaded assembly
- Completed reload, in  1.058 seconds
Platform modules already initialized, skipping
Switching build target platform(19) subTarget(0) extendedPlatform(0) -> platform(13) subTarget(537395200) extendedPlatform(0)
Refreshing native plugins compatible for Editor in 0.32 ms, found 0 plugins.
Preloading 0 native plugins for Editor in 0.00 ms.
Unloading 1265 Unused Serialized files (Serialized files now loaded: 0)
System memory in use before: 86.8 MB.
System memory in use after: 86.6 MB.

Unloading 5 unused Assets to reduce memory usage. Loaded Objects now: 1786.
Total: 2.241400 ms (FindLiveObjects: 0.175900 ms CreateObjectMapping: 0.039600 ms MarkObjects: 1.832700 ms  DeleteObjects: 0.192100 ms)

AssetImportParameters requested are different than current active one (requested -> active):
  custom:graphics/normal-map-encoding: 01000000000000000000000000000000 -> 02000000000000000000000000000000
========================================================================
Received Prepare
Registering precompiled user dll's ...
Registered in 0.000873 seconds.
Begin MonoManager ReloadAssembly
Native extension for WindowsStandalone target not found
Refreshing native plugins compatible for Editor in 0.32 ms, found 0 plugins.
Preloading 0 native plugins for Editor in 0.00 ms.
Mono: successfully reloaded assembly
- Completed reload, in  0.885 seconds
Platform modules already initialized, skipping
Switching build target platform(19) subTarget(0) extendedPlatform(0) -> platform(13) subTarget(537395200) extendedPlatform(0)
Refreshing native plugins compatible for Editor in 0.35 ms, found 0 plugins.
Preloading 0 native plugins for Editor in 0.00 ms.
Unloading 1265 Unused Serialized files (Serialized files now loaded: 0)
System memory in use before: 86.8 MB.
System memory in use after: 86.7 MB.

Unloading 5 unused Assets to reduce memory usage. Loaded Objects now: 1789.
Total: 1.977500 ms (FindLiveObjects: 0.154600 ms CreateObjectMapping: 0.032100 ms MarkObjects: 1.621500 ms  DeleteObjects: 0.168200 ms)

AssetImportParameters requested are different than current active one (requested -> active):
  custom:graphics/normal-map-encoding: 01000000000000000000000000000000 -> 02000000000000000000000000000000
========================================================================
Received Prepare
Registering precompiled user dll's ...
Registered in 0.000932 seconds.
Begin MonoManager ReloadAssembly
Native extension for WindowsStandalone target not found
Refreshing native plugins compatible for Editor in 0.32 ms, found 0 plugins.
Preloading 0 native plugins for Editor in 0.00 ms.
Mono: successfully reloaded assembly
- Completed reload, in  0.876 seconds
Platform modules already initialized, skipping
Switching build target platform(19) subTarget(0) extendedPlatform(0) -> platform(13) subTarget(537395200) extendedPlatform(0)
Refreshing native plugins compatible for Editor in 0.32 ms, found 0 plugins.
Preloading 0 native plugins for Editor in 0.00 ms.
Unloading 1265 Unused Serialized files (Serialized files now loaded: 0)
System memory in use before: 86.8 MB.
System memory in use after: 86.7 MB.

Unloading 5 unused Assets to reduce memory usage. Loaded Objects now: 1792.
Total: 1.879900 ms (FindLiveObjects: 0.148800 ms CreateObjectMapping: 0.031300 ms MarkObjects: 1.541200 ms  DeleteObjects: 0.157800 ms)

AssetImportParameters requested are different than current active one (requested -> active):
  custom:graphics/normal-map-encoding: 01000000000000000000000000000000 -> 02000000000000000000000000000000
========================================================================
Received Prepare
Registering precompiled user dll's ...
Registered in 0.001023 seconds.
Begin MonoManager ReloadAssembly
Native extension for WindowsStandalone target not found
Refreshing native plugins compatible for Editor in 0.32 ms, found 0 plugins.
Preloading 0 native plugins for Editor in 0.00 ms.
Mono: successfully reloaded assembly
- Completed reload, in  0.869 seconds
Platform modules already initialized, skipping
Switching build target platform(19) subTarget(0) extendedPlatform(0) -> platform(13) subTarget(537395200) extendedPlatform(0)
Refreshing native plugins compatible for Editor in 0.34 ms, found 0 plugins.
Preloading 0 native plugins for Editor in 0.00 ms.
Unloading 1265 Unused Serialized files (Serialized files now loaded: 0)
System memory in use before: 86.8 MB.
System memory in use after: 86.7 MB.

Unloading 5 unused Assets to reduce memory usage. Loaded Objects now: 1795.
Total: 2.012500 ms (FindLiveObjects: 0.161900 ms CreateObjectMapping: 0.031900 ms MarkObjects: 1.650700 ms  DeleteObjects: 0.167100 ms)

AssetImportParameters requested are different than current active one (requested -> active):
  custom:graphics/normal-map-encoding: 01000000000000000000000000000000 -> 02000000000000000000000000000000
========================================================================
Received Prepare
Registering precompiled user dll's ...
Registered in 0.000911 seconds.
Begin MonoManager ReloadAssembly
Native extension for WindowsStandalone target not found
Refreshing native plugins compatible for Editor in 0.32 ms, found 0 plugins.
Preloading 0 native plugins for Editor in 0.00 ms.
Mono: successfully reloaded assembly
- Completed reload, in  0.867 seconds
Platform modules already initialized, skipping
Switching build target platform(19) subTarget(0) extendedPlatform(0) -> platform(13) subTarget(537395200) extendedPlatform(0)
Refreshing native plugins compatible for Editor in 0.32 ms, found 0 plugins.
Preloading 0 native plugins for Editor in 0.00 ms.
Unloading 1265 Unused Serialized files (Serialized files now loaded: 0)
System memory in use before: 86.8 MB.
System memory in use after: 86.7 MB.

Unloading 5 unused Assets to reduce memory usage. Loaded Objects now: 1798.
Total: 2.006100 ms (FindLiveObjects: 0.166000 ms CreateObjectMapping: 0.031900 ms MarkObjects: 1.637400 ms  DeleteObjects: 0.170000 ms)

AssetImportParameters requested are different than current active one (requested -> active):
  custom:graphics/normal-map-encoding: 01000000000000000000000000000000 -> 02000000000000000000000000000000
========================================================================
Received Prepare
Registering precompiled user dll's ...
Registered in 0.000903 seconds.
Begin MonoManager ReloadAssembly
Native extension for WindowsStandalone target not found
Refreshing native plugins compatible for Editor in 0.34 ms, found 0 plugins.
Preloading 0 native plugins for Editor in 0.00 ms.
Mono: successfully reloaded assembly
- Completed reload, in  0.877 seconds
Platform modules already initialized, skipping
Switching build target platform(19) subTarget(0) extendedPlatform(0) -> platform(13) subTarget(537395200) extendedPlatform(0)
Refreshing native plugins compatible for Editor in 0.32 ms, found 0 plugins.
Preloading 0 native plugins for Editor in 0.00 ms.
Unloading 1265 Unused Serialized files (Serialized files now loaded: 0)
System memory in use before: 86.9 MB.
System memory in use after: 86.7 MB.

Unloading 5 unused Assets to reduce memory usage. Loaded Objects now: 1801.
Total: 1.946900 ms (FindLiveObjects: 0.158000 ms CreateObjectMapping: 0.032800 ms MarkObjects: 1.579800 ms  DeleteObjects: 0.175300 ms)

AssetImportParameters requested are different than current active one (requested -> active):
  custom:graphics/normal-map-encoding: 01000000000000000000000000000000 -> 02000000000000000000000000000000
========================================================================
Received Prepare
Registering precompiled user dll's ...
Registered in 0.000736 seconds.
Begin MonoManager ReloadAssembly
Native extension for WindowsStandalone target not found
Refreshing native plugins compatible for Editor in 0.33 ms, found 0 plugins.
Preloading 0 native plugins for Editor in 0.00 ms.
Mono: successfully reloaded assembly
- Completed reload, in  0.885 seconds
Platform modules already initialized, skipping
Switching build target platform(19) subTarget(0) extendedPlatform(0) -> platform(13) subTarget(537395200) extendedPlatform(0)
Refreshing native plugins compatible for Editor in 0.36 ms, found 0 plugins.
Preloading 0 native plugins for Editor in 0.00 ms.
Unloading 1265 Unused Serialized files (Serialized files now loaded: 0)
System memory in use before: 86.9 MB.
System memory in use after: 86.7 MB.

Unloading 5 unused Assets to reduce memory usage. Loaded Objects now: 1804.
Total: 3.166000 ms (FindLiveObjects: 0.365200 ms CreateObjectMapping: 0.071700 ms MarkObjects: 2.452600 ms  DeleteObjects: 0.275000 ms)

AssetImportParameters requested are different than current active one (requested -> active):
  custom:graphics/normal-map-encoding: 01000000000000000000000000000000 -> 02000000000000000000000000000000
========================================================================
Received Import Request.
  Time since last request: 4517.242104 seconds.
  path: Assets/prefebs/Enemy A.prefab
  artifactKey: Guid(4eda5d2dd5cd7e24c84082c3a7e300fb) Importer(815301076,1909f56bfc062723c751e8b465ee728b)
Start importing Assets/prefebs/Enemy A.prefab using Guid(4eda5d2dd5cd7e24c84082c3a7e300fb) Importer(815301076,1909f56bfc062723c751e8b465ee728b)  -> (artifact id: '128fdfc70d9c1c6d4b22a8ed47771b4f') in 0.166412 seconds 
========================================================================
Received Import Request.
  Time since last request: 0.000222 seconds.
  path: Assets/prefebs/Enemy B.prefab
  artifactKey: Guid(a034bb3df60087d40b08d52161ed2dab) Importer(815301076,1909f56bfc062723c751e8b465ee728b)
Start importing Assets/prefebs/Enemy B.prefab using Guid(a034bb3df60087d40b08d52161ed2dab) Importer(815301076,1909f56bfc062723c751e8b465ee728b)  -> (artifact id: 'dfdb586b5caf516b4057cd11c2efd67e') in 0.098170 seconds 
========================================================================
Received Import Request.
  Time since last request: 0.000301 seconds.
  path: Assets/prefebs/Enemy C.prefab
  artifactKey: Guid(fd997f268b1c768468183982abd89c01) Importer(815301076,1909f56bfc062723c751e8b465ee728b)
Start importing Assets/prefebs/Enemy C.prefab using Guid(fd997f268b1c768468183982abd89c01) Importer(815301076,1909f56bfc062723c751e8b465ee728b)  -> (artifact id: '14f602a6b854cab09c1c18941fdd7df8') in 0.134534 seconds 
========================================================================
Received Import Request.
  Time since last request: 0.000235 seconds.
  path: Assets/prefebs/Enemy D.prefab
  artifactKey: Guid(734d303894afa3146b13c9948e513141) Importer(815301076,1909f56bfc062723c751e8b465ee728b)
Start importing Assets/prefebs/Enemy D.prefab using Guid(734d303894afa3146b13c9948e513141) Importer(815301076,1909f56bfc062723c751e8b465ee728b)  -> (artifact id: '3c9bb6e63a597a14f91d6f346fffad61') in 0.181237 seconds 
========================================================================
Received Prepare
Registering precompiled user dll's ...
Registered in 0.000822 seconds.
Begin MonoManager ReloadAssembly
Native extension for WindowsStandalone target not found
Refreshing native plugins compatible for Editor in 0.36 ms, found 0 plugins.
Preloading 0 native plugins for Editor in 0.00 ms.
Mono: successfully reloaded assembly
- Completed reload, in  0.902 seconds
Platform modules already initialized, skipping
Switching build target platform(19) subTarget(0) extendedPlatform(0) -> platform(13) subTarget(537395200) extendedPlatform(0)
Refreshing native plugins compatible for Editor in 0.32 ms, found 0 plugins.
Preloading 0 native plugins for Editor in 0.00 ms.
Unloading 1265 Unused Serialized files (Serialized files now loaded: 0)
System memory in use before: 86.9 MB.
System memory in use after: 86.8 MB.

Unloading 5 unused Assets to reduce memory usage. Loaded Objects now: 1808.
Total: 1.920000 ms (FindLiveObjects: 0.156200 ms CreateObjectMapping: 0.031800 ms MarkObjects: 1.555500 ms  DeleteObjects: 0.175600 ms)

AssetImportParameters requested are different than current active one (requested -> active):
  custom:graphics/normal-map-encoding: 01000000000000000000000000000000 -> 02000000000000000000000000000000
========================================================================
Received Import Request.
  Time since last request: 9.755734 seconds.
  path: Assets/prefebs/Enemy A.prefab
  artifactKey: Guid(4eda5d2dd5cd7e24c84082c3a7e300fb) Importer(815301076,1909f56bfc062723c751e8b465ee728b)
Start importing Assets/prefebs/Enemy A.prefab using Guid(4eda5d2dd5cd7e24c84082c3a7e300fb) Importer(815301076,1909f56bfc062723c751e8b465ee728b)  -> (artifact id: '81846482d1aa6112e891976179eada68') in 0.069599 seconds 
========================================================================
Received Import Request.
  Time since last request: 4.361994 seconds.
  path: Assets/prefebs/Enemy B.prefab
  artifactKey: Guid(a034bb3df60087d40b08d52161ed2dab) Importer(815301076,1909f56bfc062723c751e8b465ee728b)
Start importing Assets/prefebs/Enemy B.prefab using Guid(a034bb3df60087d40b08d52161ed2dab) Importer(815301076,1909f56bfc062723c751e8b465ee728b)  -> (artifact id: '21821160163b8687d625676f37c6ce8b') in 0.013160 seconds 
========================================================================
Received Import Request.
  Time since last request: 1.749038 seconds.
  path: Assets/prefebs/Enemy B.prefab
  artifactKey: Guid(a034bb3df60087d40b08d52161ed2dab) Importer(815301076,1909f56bfc062723c751e8b465ee728b)
Start importing Assets/prefebs/Enemy B.prefab using Guid(a034bb3df60087d40b08d52161ed2dab) Importer(815301076,1909f56bfc062723c751e8b465ee728b)  -> (artifact id: '3e472c014bddbd64623bb1cee663f97c') in 0.015565 seconds 
========================================================================
Received Import Request.
  Time since last request: 20.278536 seconds.
  path: Assets/prefebs/Enemy C.prefab
  artifactKey: Guid(fd997f268b1c768468183982abd89c01) Importer(815301076,1909f56bfc062723c751e8b465ee728b)
Start importing Assets/prefebs/Enemy C.prefab using Guid(fd997f268b1c768468183982abd89c01) Importer(815301076,1909f56bfc062723c751e8b465ee728b)  -> (artifact id: 'db4fca1f353f0ed8d6a1dca43fd17bb9') in 0.019358 seconds 
